[indexer.c:165]Start building index.

Processing HTML document 1.


Processing HTML document 2.


Processing HTML document 3.


Processing HTML document 4.


Processing HTML document 5.


Processing HTML document 6.


Processing HTML document 7.


Processing HTML document 8.


Processing HTML document 9.


Processing HTML document 10.


Processing HTML document 11.


Processing HTML document 12.


Processing HTML document 13.


Processing HTML document 14.


Processing HTML document 15.


Processing HTML document 16.


Processing HTML document 17.


Processing HTML document 18.


Processing HTML document 19.


Processing HTML document 20.


Processing HTML document 21.


Processing HTML document 22.


Processing HTML document 23.


Processing HTML document 24.


Processing HTML document 25.


Processing HTML document 26.


Processing HTML document 27.


Processing HTML document 28.


Processing HTML document 29.


Processing HTML document 30.


Processing HTML document 31.


Processing HTML document 32.


Processing HTML document 33.


Processing HTML document 34.


Processing HTML document 35.


Processing HTML document 36.


Processing HTML document 37.


Processing HTML document 38.


Processing HTML document 39.


Processing HTML document 40.


Processing HTML document 41.


Processing HTML document 42.


Processing HTML document 43.


Processing HTML document 44.


Processing HTML document 45.


Processing HTML document 46.


Processing HTML document 47.


Processing HTML document 48.


Processing HTML document 49.


Processing HTML document 50.


Processing HTML document 51.


Processing HTML document 52.


Processing HTML document 53.


Processing HTML document 54.


Processing HTML document 55.


Processing HTML document 56.


Processing HTML document 57.


Processing HTML document 58.


Processing HTML document 59.


Processing HTML document 60.


Processing HTML document 61.


Processing HTML document 62.


Processing HTML document 63.


Processing HTML document 64.


Processing HTML document 65.


Processing HTML document 66.


Processing HTML document 67.


Processing HTML document 68.


Processing HTML document 69.


Processing HTML document 70.


Processing HTML document 71.


Processing HTML document 72.


Processing HTML document 73.


Processing HTML document 74.


Processing HTML document 75.


Processing HTML document 76.


Processing HTML document 77.


Processing HTML document 78.


Processing HTML document 79.


Processing HTML document 80.


Processing HTML document 81.


Processing HTML document 82.


Processing HTML document 83.


Processing HTML document 84.


Processing HTML document 85.


Processing HTML document 86.


Processing HTML document 87.


Processing HTML document 88.


Processing HTML document 89.


Processing HTML document 90.


Processing HTML document 91.


Processing HTML document 92.


Processing HTML document 93.


Processing HTML document 94.


Processing HTML document 95.


Processing HTML document 96.


Processing HTML document 97.


Processing HTML document 98.


Processing HTML document 99.


Processing HTML document 100.


Processing HTML document 101.


Processing HTML document 102.


Processing HTML document 103.


Processing HTML document 104.


Processing HTML document 105.


Processing HTML document 106.


Processing HTML document 107.


Processing HTML document 108.


Processing HTML document 109.


Processing HTML document 110.


Processing HTML document 111.


Processing HTML document 112.


Processing HTML document 113.


Processing HTML document 114.


Processing HTML document 115.


Processing HTML document 116.


Processing HTML document 117.


Processing HTML document 118.


Processing HTML document 119.


Processing HTML document 120.


Processing HTML document 121.


Processing HTML document 122.


Processing HTML document 123.


Processing HTML document 124.


Processing HTML document 125.


Processing HTML document 126.


Processing HTML document 127.


Processing HTML document 128.


Processing HTML document 129.


Processing HTML document 130.


Processing HTML document 131.


Processing HTML document 132.


Processing HTML document 133.


Processing HTML document 134.


Processing HTML document 135.


Processing HTML document 136.


Processing HTML document 137.


Processing HTML document 138.


Processing HTML document 139.


Processing HTML document 140.


Processing HTML document 141.


Processing HTML document 142.


Processing HTML document 143.


Processing HTML document 144.


Processing HTML document 145.


Processing HTML document 146.


Processing HTML document 147.


Processing HTML document 148.


Processing HTML document 149.


Processing HTML document 150.


Processing HTML document 151.


Processing HTML document 152.


Processing HTML document 153.


Processing HTML document 154.


Processing HTML document 155.


Processing HTML document 156.


Processing HTML document 157.


Processing HTML document 158.


Processing HTML document 159.


Processing HTML document 160.


Processing HTML document 161.


Processing HTML document 162.


Processing HTML document 163.


Processing HTML document 164.


Processing HTML document 165.


Processing HTML document 166.


Processing HTML document 167.


Processing HTML document 168.


Processing HTML document 169.


Processing HTML document 170.


Processing HTML document 171.


Processing HTML document 172.


Processing HTML document 173.


Processing HTML document 174.


Processing HTML document 175.


Processing HTML document 176.


Processing HTML document 177.


Processing HTML document 178.


Processing HTML document 179.


Processing HTML document 180.


Processing HTML document 181.


Processing HTML document 182.


Processing HTML document 183.


Processing HTML document 184.


Processing HTML document 185.


Processing HTML document 186.


Processing HTML document 187.


Processing HTML document 188.


Processing HTML document 189.


Processing HTML document 190.


Processing HTML document 191.


Processing HTML document 192.


Processing HTML document 193.


Processing HTML document 194.


Processing HTML document 195.


Processing HTML document 196.


Processing HTML document 197.


Processing HTML document 198.


Processing HTML document 199.


Processing HTML document 200.


Processing HTML document 201.


Processing HTML document 202.


Processing HTML document 203.


Processing HTML document 204.


Processing HTML document 205.


Processing HTML document 206.


Processing HTML document 207.


Processing HTML document 208.


Processing HTML document 209.


Processing HTML document 210.


Processing HTML document 211.


Processing HTML document 212.


Processing HTML document 213.


Processing HTML document 214.


Processing HTML document 215.


Processing HTML document 216.


Processing HTML document 217.


Processing HTML document 218.


Processing HTML document 219.


Processing HTML document 220.


Processing HTML document 221.


Processing HTML document 222.


Processing HTML document 223.


Processing HTML document 224.


Processing HTML document 225.


Processing HTML document 226.


Processing HTML document 227.


Processing HTML document 228.


Processing HTML document 229.


Processing HTML document 230.


Processing HTML document 231.


Processing HTML document 232.


Processing HTML document 233.


Processing HTML document 234.


Processing HTML document 235.


Processing HTML document 236.


Processing HTML document 237.


Processing HTML document 238.


Processing HTML document 239.


Processing HTML document 240.


Processing HTML document 241.


Processing HTML document 242.


Processing HTML document 243.


Processing HTML document 244.


Processing HTML document 245.


Processing HTML document 246.


Processing HTML document 247.


Processing HTML document 248.


Processing HTML document 249.


Processing HTML document 250.


Processing HTML document 251.


Processing HTML document 252.


Processing HTML document 253.


Processing HTML document 254.


Processing HTML document 255.


Processing HTML document 256.


Processing HTML document 257.


Processing HTML document 258.


Processing HTML document 259.


Processing HTML document 260.


Processing HTML document 261.


Processing HTML document 262.


Processing HTML document 263.


Processing HTML document 264.


Processing HTML document 265.


Processing HTML document 266.


Processing HTML document 267.


Processing HTML document 268.


Processing HTML document 269.


Processing HTML document 270.


Processing HTML document 271.


Processing HTML document 272.


Processing HTML document 273.


Processing HTML document 274.


Processing HTML document 275.


Processing HTML document 276.


Processing HTML document 277.


Processing HTML document 278.


Processing HTML document 279.


Processing HTML document 280.


Processing HTML document 281.


Processing HTML document 282.


Processing HTML document 283.


Processing HTML document 284.


Processing HTML document 285.


Processing HTML document 286.


Processing HTML document 287.


Processing HTML document 288.


Processing HTML document 289.


Processing HTML document 290.


Processing HTML document 291.


Processing HTML document 292.


Processing HTML document 293.


Processing HTML document 294.


Processing HTML document 295.


Processing HTML document 296.


Processing HTML document 297.


Processing HTML document 298.


Processing HTML document 299.


Processing HTML document 300.


Processing HTML document 301.


Processing HTML document 302.


Processing HTML document 303.


Processing HTML document 304.


Processing HTML document 305.


Processing HTML document 306.


Processing HTML document 307.


Processing HTML document 308.


Processing HTML document 309.


Processing HTML document 310.


Processing HTML document 311.


Processing HTML document 312.


Processing HTML document 313.


Processing HTML document 314.


Processing HTML document 315.


Processing HTML document 316.


Processing HTML document 317.


Processing HTML document 318.


Processing HTML document 319.


Processing HTML document 320.


Processing HTML document 321.


Processing HTML document 322.


Processing HTML document 323.


Processing HTML document 324.


Processing HTML document 325.


Processing HTML document 326.


Processing HTML document 327.


Processing HTML document 328.


Processing HTML document 329.


Processing HTML document 330.


Processing HTML document 331.


Processing HTML document 332.


Processing HTML document 333.


Processing HTML document 334.


Processing HTML document 335.


Processing HTML document 336.


Processing HTML document 337.


Processing HTML document 338.


Processing HTML document 339.


Processing HTML document 340.


Processing HTML document 341.


Processing HTML document 342.


Processing HTML document 343.


Processing HTML document 344.


Processing HTML document 345.


Processing HTML document 346.


Processing HTML document 347.


Processing HTML document 348.


Processing HTML document 349.


Processing HTML document 350.


Processing HTML document 351.


Processing HTML document 352.


Processing HTML document 353.


Processing HTML document 354.


Processing HTML document 355.


Processing HTML document 356.


Processing HTML document 357.


Processing HTML document 358.


Processing HTML document 359.


Processing HTML document 360.


Processing HTML document 361.


Processing HTML document 362.


Processing HTML document 363.


Processing HTML document 364.


Processing HTML document 365.


Processing HTML document 366.


Processing HTML document 367.


Processing HTML document 368.


Processing HTML document 369.


Processing HTML document 370.


Processing HTML document 371.


Processing HTML document 372.


Processing HTML document 373.


Processing HTML document 374.


Processing HTML document 375.


Processing HTML document 376.


Processing HTML document 377.


Processing HTML document 378.


Processing HTML document 379.


Processing HTML document 380.


Processing HTML document 381.


Processing HTML document 382.


Processing HTML document 383.


Processing HTML document 384.


Processing HTML document 385.


Processing HTML document 386.


Processing HTML document 387.


Processing HTML document 388.


Processing HTML document 389.


Processing HTML document 390.


Processing HTML document 391.


Processing HTML document 392.


Processing HTML document 393.


Processing HTML document 394.


Processing HTML document 395.


Processing HTML document 396.


Processing HTML document 397.


Processing HTML document 398.


Processing HTML document 399.


Processing HTML document 400.


Processing HTML document 401.


Processing HTML document 402.


Processing HTML document 403.


Processing HTML document 404.


Processing HTML document 405.


Processing HTML document 406.


Processing HTML document 407.


Processing HTML document 408.


Processing HTML document 409.


Processing HTML document 410.


Processing HTML document 411.


Processing HTML document 412.


Processing HTML document 413.


Processing HTML document 414.


Processing HTML document 415.


Processing HTML document 416.


Processing HTML document 417.


Processing HTML document 418.


Processing HTML document 419.


Processing HTML document 420.


Processing HTML document 421.


Processing HTML document 422.


Processing HTML document 423.


Processing HTML document 424.


Processing HTML document 425.


Processing HTML document 426.


Processing HTML document 427.


Processing HTML document 428.


Processing HTML document 429.


Processing HTML document 430.


Processing HTML document 431.


Processing HTML document 432.


Processing HTML document 433.


Processing HTML document 434.


Processing HTML document 435.


Processing HTML document 436.


Processing HTML document 437.


Processing HTML document 438.


Processing HTML document 439.


Processing HTML document 440.


Processing HTML document 441.


Processing HTML document 442.


Processing HTML document 443.


Processing HTML document 444.


Processing HTML document 445.


Processing HTML document 446.


Processing HTML document 447.


Processing HTML document 448.


Processing HTML document 449.


Processing HTML document 450.


Processing HTML document 451.


Processing HTML document 452.


Processing HTML document 453.


Processing HTML document 454.


Processing HTML document 455.


Processing HTML document 456.


Processing HTML document 457.


Processing HTML document 458.


Processing HTML document 459.


Processing HTML document 460.


Processing HTML document 461.


Processing HTML document 462.


Processing HTML document 463.


Processing HTML document 464.


Processing HTML document 465.


Processing HTML document 466.


Processing HTML document 467.


Processing HTML document 468.


Processing HTML document 469.


Processing HTML document 470.


Processing HTML document 471.


Processing HTML document 472.


Processing HTML document 473.


Processing HTML document 474.


Processing HTML document 475.


Processing HTML document 476.


Processing HTML document 477.


Processing HTML document 478.


Processing HTML document 479.


Processing HTML document 480.


Processing HTML document 481.


Processing HTML document 482.


Processing HTML document 483.


Processing HTML document 484.


Processing HTML document 485.


Processing HTML document 486.


Processing HTML document 487.


Processing HTML document 488.


Processing HTML document 489.


Processing HTML document 490.


Processing HTML document 491.


Processing HTML document 492.


Processing HTML document 493.


Processing HTML document 494.


Processing HTML document 495.


Processing HTML document 496.


Processing HTML document 497.


Processing HTML document 498.


Processing HTML document 499.


Processing HTML document 500.


Processing HTML document 501.


Processing HTML document 502.


Processing HTML document 503.


Processing HTML document 504.


Processing HTML document 505.


Processing HTML document 506.


Processing HTML document 507.


Processing HTML document 508.


Processing HTML document 509.


Processing HTML document 510.


Processing HTML document 511.


Processing HTML document 512.


Processing HTML document 513.


Processing HTML document 514.


Processing HTML document 515.


Processing HTML document 516.


Processing HTML document 517.


Processing HTML document 518.


Processing HTML document 519.


Processing HTML document 520.


Processing HTML document 521.


Processing HTML document 522.


Processing HTML document 523.


Processing HTML document 524.


Processing HTML document 525.


Processing HTML document 526.


Processing HTML document 527.


Processing HTML document 528.


Processing HTML document 529.


Processing HTML document 530.


Processing HTML document 531.


Processing HTML document 532.


Processing HTML document 533.


Processing HTML document 534.


Processing HTML document 535.


Processing HTML document 536.


Processing HTML document 537.


Processing HTML document 538.


Processing HTML document 539.


Processing HTML document 540.


Processing HTML document 541.


Processing HTML document 542.


Processing HTML document 543.


Processing HTML document 544.


Processing HTML document 545.


Processing HTML document 546.


Processing HTML document 547.


Processing HTML document 548.


Processing HTML document 549.


Processing HTML document 550.


Processing HTML document 551.


Processing HTML document 552.


Processing HTML document 553.


Processing HTML document 554.


Processing HTML document 555.


Processing HTML document 556.


Processing HTML document 557.


Processing HTML document 558.


Processing HTML document 559.


Processing HTML document 560.


Processing HTML document 561.


Processing HTML document 562.


Processing HTML document 563.


Processing HTML document 564.


Processing HTML document 565.


Processing HTML document 566.


Processing HTML document 567.


Processing HTML document 568.


Processing HTML document 569.


Processing HTML document 570.


Processing HTML document 571.


Processing HTML document 572.


Processing HTML document 573.


Processing HTML document 574.


Processing HTML document 575.


Processing HTML document 576.


Processing HTML document 577.


Processing HTML document 578.


Processing HTML document 579.


Processing HTML document 580.


Processing HTML document 581.


Processing HTML document 582.


Processing HTML document 583.


Processing HTML document 584.


Processing HTML document 585.


Processing HTML document 586.


Processing HTML document 587.


Processing HTML document 588.


Processing HTML document 589.


Processing HTML document 590.


Processing HTML document 591.


Processing HTML document 592.


Processing HTML document 593.


Processing HTML document 594.


Processing HTML document 595.


Processing HTML document 596.


Processing HTML document 597.


Processing HTML document 598.


Processing HTML document 599.


Processing HTML document 600.


Processing HTML document 601.


Processing HTML document 602.


Processing HTML document 603.


Processing HTML document 604.


Processing HTML document 605.


Processing HTML document 606.


Processing HTML document 607.


Processing HTML document 608.


Processing HTML document 609.


Processing HTML document 610.


Processing HTML document 611.


Processing HTML document 612.


Processing HTML document 613.


Processing HTML document 614.


Processing HTML document 615.


Processing HTML document 616.


Processing HTML document 617.


Processing HTML document 618.


Processing HTML document 619.


Processing HTML document 620.


Processing HTML document 621.


Processing HTML document 622.


Processing HTML document 623.


Processing HTML document 624.


Processing HTML document 625.


Processing HTML document 626.


Processing HTML document 627.


Processing HTML document 628.


Processing HTML document 629.


Processing HTML document 630.


Processing HTML document 631.


Processing HTML document 632.


Processing HTML document 633.


Processing HTML document 634.


Processing HTML document 635.


Processing HTML document 636.


Processing HTML document 637.


Processing HTML document 638.


Processing HTML document 639.


Processing HTML document 640.


Processing HTML document 641.


Processing HTML document 642.


Processing HTML document 643.


Processing HTML document 644.


Processing HTML document 645.


Processing HTML document 646.


Processing HTML document 647.


Processing HTML document 648.


Processing HTML document 649.


Processing HTML document 650.


Processing HTML document 651.


Processing HTML document 652.


Processing HTML document 653.


Processing HTML document 654.


Processing HTML document 655.


Processing HTML document 656.


Processing HTML document 657.


Processing HTML document 658.


Processing HTML document 659.


Processing HTML document 660.


Processing HTML document 661.


Processing HTML document 662.


Processing HTML document 663.


Processing HTML document 664.


Processing HTML document 665.


Processing HTML document 666.


Processing HTML document 667.


Processing HTML document 668.


Processing HTML document 669.


Processing HTML document 670.


Processing HTML document 671.


Processing HTML document 672.


Processing HTML document 673.


Processing HTML document 674.


Processing HTML document 675.


Processing HTML document 676.


Processing HTML document 677.


Processing HTML document 678.


Processing HTML document 679.


Processing HTML document 680.


Processing HTML document 681.


Processing HTML document 682.


Processing HTML document 683.


Processing HTML document 684.


Processing HTML document 685.


Processing HTML document 686.


Processing HTML document 687.


Processing HTML document 688.


Processing HTML document 689.


Processing HTML document 690.


Processing HTML document 691.


Processing HTML document 692.


Processing HTML document 693.


Processing HTML document 694.


Processing HTML document 695.


Processing HTML document 696.


Processing HTML document 697.


Processing HTML document 698.


Processing HTML document 699.


Processing HTML document 700.


Processing HTML document 701.


Processing HTML document 702.


Processing HTML document 703.


Processing HTML document 704.


Processing HTML document 705.


Processing HTML document 706.


Processing HTML document 707.


Processing HTML document 708.


Processing HTML document 709.


Processing HTML document 710.


Processing HTML document 711.


Processing HTML document 712.


Processing HTML document 713.


Processing HTML document 714.


Processing HTML document 715.


Processing HTML document 716.


Processing HTML document 717.


Processing HTML document 718.


Processing HTML document 719.


Processing HTML document 720.


Processing HTML document 721.


Processing HTML document 722.


Processing HTML document 723.


Processing HTML document 724.


Processing HTML document 725.


Processing HTML document 726.


Processing HTML document 727.


Processing HTML document 728.


Processing HTML document 729.


Processing HTML document 730.


Processing HTML document 731.


Processing HTML document 732.


Processing HTML document 733.


Processing HTML document 734.


Processing HTML document 735.


Processing HTML document 736.


Processing HTML document 737.


Processing HTML document 738.


Processing HTML document 739.


Processing HTML document 740.


Processing HTML document 741.


Processing HTML document 742.


Processing HTML document 743.


Processing HTML document 744.


Processing HTML document 745.


Processing HTML document 746.


Processing HTML document 747.


Processing HTML document 748.


Processing HTML document 749.


Processing HTML document 750.


Processing HTML document 751.


Processing HTML document 752.


Processing HTML document 753.


Processing HTML document 754.


Processing HTML document 755.


Processing HTML document 756.


Processing HTML document 757.


Processing HTML document 758.


Processing HTML document 759.


Processing HTML document 760.


Processing HTML document 761.


Processing HTML document 762.


Processing HTML document 763.


Processing HTML document 764.


Processing HTML document 765.


Processing HTML document 766.


Processing HTML document 767.


Processing HTML document 768.


Processing HTML document 769.


Processing HTML document 770.


Processing HTML document 771.


Processing HTML document 772.


Processing HTML document 773.


Processing HTML document 774.


Processing HTML document 775.


Processing HTML document 776.


Processing HTML document 777.


Processing HTML document 778.


Processing HTML document 779.


Processing HTML document 780.


Processing HTML document 781.


Processing HTML document 782.


Processing HTML document 783.


Processing HTML document 784.


Processing HTML document 785.


Processing HTML document 786.


Processing HTML document 787.


Processing HTML document 788.


Processing HTML document 789.


Processing HTML document 790.


Processing HTML document 791.


Processing HTML document 792.


Processing HTML document 793.


Processing HTML document 794.


Processing HTML document 795.


Processing HTML document 796.


Processing HTML document 797.


Processing HTML document 798.


Processing HTML document 799.


Processing HTML document 800.


Processing HTML document 801.


Processing HTML document 802.


Processing HTML document 803.


Processing HTML document 804.


Processing HTML document 805.


Processing HTML document 806.


Processing HTML document 807.


Processing HTML document 808.


Processing HTML document 809.


Processing HTML document 810.


Processing HTML document 811.


Processing HTML document 812.


Processing HTML document 813.


Processing HTML document 814.


Processing HTML document 815.


Processing HTML document 816.


Processing HTML document 817.

[indexer.c:168]Building the index completed!

Saving the index to file.
The first word in the index is: dartmouth
The buffer is: zwidth 3 40 1 317 1 567 1 
[indexer.c:175]Index has been recreated and stored.
